Performing C SOURCE FILE Test FLAG_SUPPORTED_Wcomma failed with the following output:
Change Dir: /workspaces/PyAuth/cJSON_BUILD/CMakeFiles/CMakeTmp

Run Build Command(s):/usr/bin/make cmTC_39fe0/fast && /usr/bin/make -f CMakeFiles/cmTC_39fe0.dir/build.make CMakeFiles/cmTC_39fe0.dir/build
make[1]: Entering directory '/workspaces/PyAuth/cJSON_BUILD/CMakeFiles/CMakeTmp'
Building C object CMakeFiles/cmTC_39fe0.dir/src.c.o
/usr/bin/cc   -std=c89 -pedantic -Wall -Wextra -Werror -Wstrict-prototypes -Wwrite-strings -Wshadow -Winit-self -Wcast-align -Wformat=2 -Wmissing-prototypes -Wstrict-overflow=2 -Wcast-qual -Wundef -Wswitch-default -Wconversion -Wc++-compat -fstack-protector-strong -DFLAG_SUPPORTED_Wcomma   -Wcomma -o CMakeFiles/cmTC_39fe0.dir/src.c.o   -c /workspaces/PyAuth/cJSON_BUILD/CMakeFiles/CMakeTmp/src.c
cc: error: unrecognized command line option '-Wcomma'; did you mean '-Wcomment'?
make[1]: *** [CMakeFiles/cmTC_39fe0.dir/build.make:66: CMakeFiles/cmTC_39fe0.dir/src.c.o] Error 1
make[1]: Leaving directory '/workspaces/PyAuth/cJSON_BUILD/CMakeFiles/CMakeTmp'
make: *** [Makefile:121: cmTC_39fe0/fast] Error 2


Source file was:
int main(void) { return 0; }
Performing C SOURCE FILE Test FLAG_SUPPORTED_Wmissingvariabledeclarations failed with the following output:
Change Dir: /workspaces/PyAuth/cJSON_BUILD/CMakeFiles/CMakeTmp

Run Build Command(s):/usr/bin/make cmTC_04ccf/fast && /usr/bin/make -f CMakeFiles/cmTC_04ccf.dir/build.make CMakeFiles/cmTC_04ccf.dir/build
make[1]: Entering directory '/workspaces/PyAuth/cJSON_BUILD/CMakeFiles/CMakeTmp'
Building C object CMakeFiles/cmTC_04ccf.dir/src.c.o
/usr/bin/cc   -std=c89 -pedantic -Wall -Wextra -Werror -Wstrict-prototypes -Wwrite-strings -Wshadow -Winit-self -Wcast-align -Wformat=2 -Wmissing-prototypes -Wstrict-overflow=2 -Wcast-qual -Wundef -Wswitch-default -Wconversion -Wc++-compat -fstack-protector-strong -Wdouble-promotion -Wparentheses -Wformat-overflow -Wunused-macros -DFLAG_SUPPORTED_Wmissingvariabledeclarations   -Wmissing-variable-declarations -o CMakeFiles/cmTC_04ccf.dir/src.c.o   -c /workspaces/PyAuth/cJSON_BUILD/CMakeFiles/CMakeTmp/src.c
cc: error: unrecognized command line option '-Wmissing-variable-declarations'; did you mean '-Wmissing-declarations'?
make[1]: *** [CMakeFiles/cmTC_04ccf.dir/build.make:66: CMakeFiles/cmTC_04ccf.dir/src.c.o] Error 1
make[1]: Leaving directory '/workspaces/PyAuth/cJSON_BUILD/CMakeFiles/CMakeTmp'
make: *** [Makefile:121: cmTC_04ccf/fast] Error 2


Source file was:
int main(void) { return 0; }
Performing C SOURCE FILE Test FLAG_SUPPORTED_Wusedbutmarkedunused failed with the following output:
Change Dir: /workspaces/PyAuth/cJSON_BUILD/CMakeFiles/CMakeTmp

Run Build Command(s):/usr/bin/make cmTC_a5e55/fast && /usr/bin/make -f CMakeFiles/cmTC_a5e55.dir/build.make CMakeFiles/cmTC_a5e55.dir/build
make[1]: Entering directory '/workspaces/PyAuth/cJSON_BUILD/CMakeFiles/CMakeTmp'
Building C object CMakeFiles/cmTC_a5e55.dir/src.c.o
/usr/bin/cc   -std=c89 -pedantic -Wall -Wextra -Werror -Wstrict-prototypes -Wwrite-strings -Wshadow -Winit-self -Wcast-align -Wformat=2 -Wmissing-prototypes -Wstrict-overflow=2 -Wcast-qual -Wundef -Wswitch-default -Wconversion -Wc++-compat -fstack-protector-strong -Wdouble-promotion -Wparentheses -Wformat-overflow -Wunused-macros -DFLAG_SUPPORTED_Wusedbutmarkedunused   -Wused-but-marked-unused -o CMakeFiles/cmTC_a5e55.dir/src.c.o   -c /workspaces/PyAuth/cJSON_BUILD/CMakeFiles/CMakeTmp/src.c
cc: error: unrecognized command line option '-Wused-but-marked-unused'
make[1]: *** [CMakeFiles/cmTC_a5e55.dir/build.make:66: CMakeFiles/cmTC_a5e55.dir/src.c.o] Error 1
make[1]: Leaving directory '/workspaces/PyAuth/cJSON_BUILD/CMakeFiles/CMakeTmp'
make: *** [Makefile:121: cmTC_a5e55/fast] Error 2


Source file was:
int main(void) { return 0; }
